<?xml version="1.0" encoding="UTF-8"?><testsuite errors="0" failures="3" name="Agregar productos" skipped="0" tests="6" time="340.8" timestamp="2023-05-10 12:01:24"><testcase name="Agregar un producto al carrito"/><testcase name="Agregar dos producto al carrito"/><testcase name="Agregar varios producto al carrito"><failure message="&#10;Expected: &quot;$943.98&quot;&#10;     but: was &quot;&quot;" type="java.lang.AssertionError">
Expected: "$943.98"
     but: was ""</failure><system-err>
Expected: "$943.98"
     but: was ""&#13;
com.pragma.stepdefinitions.AgregarProductosStepDefinitions.elUsuarioDebeVerElValorDeTodosLosProducto(AgregarProductosStepDefinitions.java:177)&#13;
✽.el usuario debe ver el valor de todos los producto "$943.98"(file:///C:/Users/jeiso/OneDrive/Escritorio/PruebaPragma/AutomatizacionPragma/src/test/resources/features/agregarproductos.feature:28)&#13;
</system-err></testcase><testcase name="Agregar 10 Camara Cannon EOS Azul"/><testcase name="Agregar portatil hp con fecha de entrega"><failure message="Expected enabled element was not enabled" type="net.thucydides.core.webdriver.exceptions.ElementShouldBeEnabledException">Expected enabled element was not enabled</failure><system-err>Expected enabled element was not enabled&#13;
com.pragma.tasks.CaracteristicasPortatilHp.performAs(CaracteristicasPortatilHp.java:18)&#13;
com.pragma.stepdefinitions.AgregarProductosStepDefinitions.elUsuarioAgregaUnPortatilHpCarritoDeComprasConUnaFechaDeEntrega(AgregarProductosStepDefinitions.java:257)&#13;
io.cucumber.java.Invoker.invoke(Invoker.java:27)&#13;
io.cucumber.java.JavaStepDefinition.execute(JavaStepDefinition.java:27)&#13;
io.cucumber.core.runner.PickleStepDefinitionMatch.runStep(PickleStepDefinitionMatch.java:63)&#13;
io.cucumber.core.runner.TestStep.executeStep(TestStep.java:64)&#13;
io.cucumber.core.runner.TestStep.run(TestStep.java:49)&#13;
io.cucumber.core.runner.PickleStepTestStep.run(PickleStepTestStep.java:46)&#13;
io.cucumber.core.runner.TestCase.run(TestCase.java:51)&#13;
io.cucumber.core.runner.Runner.runPickle(Runner.java:67)&#13;
io.cucumber.junit.FeatureRunner.runChild(FeatureRunner.java:83)&#13;
io.cucumber.junit.FeatureRunner.runChild(FeatureRunner.java:24)&#13;
io.cucumber.junit.CucumberSerenityRunner.runChild(CucumberSerenityRunner.java:227)&#13;
io.cucumber.junit.CucumberSerenityRunner.runChild(CucumberSerenityRunner.java:54)&#13;
worker.org.gradle.process.internal.worker.GradleWorkerMain.run(GradleWorkerMain.java:69)&#13;
worker.org.gradle.process.internal.worker.GradleWorkerMain.main(GradleWorkerMain.java:74)&#13;
</system-err></testcase><testcase name="Agregar producto 8"><failure message="&#10;Expected: &quot;$1,114.00&quot;&#10;     but: was &quot;$134.00&quot;" type="java.lang.AssertionError">
Expected: "$1,114.00"
     but: was "$134.00"</failure><system-err>
Expected: "$1,114.00"
     but: was "$134.00"&#13;
com.pragma.stepdefinitions.AgregarProductosStepDefinitions.elUsuarioDebeVerElValorDelProducto8(AgregarProductosStepDefinitions.java:321)&#13;
✽.el usuario debe ver el valor del producto8 "$1,114.00"(file:///C:/Users/jeiso/OneDrive/Escritorio/PruebaPragma/AutomatizacionPragma/src/test/resources/features/agregarproductos.feature:49)&#13;
</system-err></testcase></testsuite>